Feb-07 12:01:25.770 [main] DEBUG nextflow.cli.Launcher - $> nextflow run tutorial.nf
Feb-07 12:01:25.919 [main] INFO  nextflow.cli.CmdRun - N E X T F L O W  ~  version 20.01.0-rc1
Feb-07 12:01:25.944 [main] INFO  nextflow.cli.CmdRun - Launching `tutorial.nf` [happy_bhaskara] - revision: e3b475a61b
Feb-07 12:01:26.096 [main] DEBUG nextflow.Session - Session uuid: d4adfa41-b61b-4372-8468-62fb3ce31e6f
Feb-07 12:01:26.098 [main] DEBUG nextflow.Session - Run name: happy_bhaskara
Feb-07 12:01:26.103 [main] DEBUG nextflow.Session - Executor pool size: 32
Feb-07 12:01:26.132 [main] DEBUG nextflow.cli.CmdRun - 
  Version: 20.01.0-rc1 build 5262
  Created: 06-02-2020 17:32 UTC (10:32 MDT)
  System: Linux 3.10.0-1062.1.2.el7.x86_64
  Runtime: Groovy 2.5.8 on OpenJDK 64-Bit Server VM 1.8.0_151-b12
  Encoding: UTF-8 (UTF-8)
  Process: 25355@fiji-2.colorado.edu [128.138.93.105]
  CPUs: 32 - Mem: 125.7 GB (768.8 MB) - Swap: 32 GB (31.6 GB)
Feb-07 12:01:26.265 [main] DEBUG nextflow.Session - Work-dir: /scratch/Users/deta9300/Rinn_class_repository/work [fhgfs]
Feb-07 12:01:26.267 [main] DEBUG nextflow.Session - Script base path does not exist or is not a directory: /scratch/Users/deta9300/Rinn_class_repository/bin
Feb-07 12:01:26.298 [main] DEBUG nextflow.Session - Observer factory: TowerFactory
Feb-07 12:01:26.302 [main] DEBUG nextflow.Session - Observer factory: DefaultObserverFactory
Feb-07 12:01:27.825 [main] DEBUG nextflow.Session - Session start invoked
Feb-07 12:01:28.467 [main] DEBUG nextflow.script.ScriptRunner - > Launching execution
Feb-07 12:01:28.590 [main] DEBUG nextflow.Session - Workflow process names [dsl1]: convertToUpper, splitLetters
Feb-07 12:01:28.731 [main] DEBUG nextflow.executor.ExecutorFactory - << taskConfig executor: null
Feb-07 12:01:28.787 [main] DEBUG nextflow.executor.ExecutorFactory - >> processorType: 'local'
Feb-07 12:01:28.796 [main] DEBUG nextflow.executor.Executor - [warm up] executor > local
Feb-07 12:01:28.804 [main] DEBUG n.processor.LocalPollingMonitor - Creating local task monitor for executor 'local' > cpus=32; memory=125.7 GB; capacity=32; pollInterval=100ms; dumpInterval=5m
Feb-07 12:01:28.913 [main] DEBUG nextflow.processor.TaskProcessor - Creating operator > splitLetters -- maxForks: 32; blocking: false
Feb-07 12:01:28.987 [main] DEBUG nextflow.executor.ExecutorFactory - << taskConfig executor: null
Feb-07 12:01:28.988 [main] DEBUG nextflow.executor.ExecutorFactory - >> processorType: 'local'
Feb-07 12:01:28.993 [main] DEBUG nextflow.processor.TaskProcessor - Creating operator > convertToUpper -- maxForks: 32; blocking: false
Feb-07 12:01:29.013 [main] DEBUG nextflow.script.ScriptRunner - > Await termination 
Feb-07 12:01:29.015 [main] DEBUG nextflow.Session - Session await
Feb-07 12:01:29.176 [Task submitter] DEBUG nextflow.executor.LocalTaskHandler - Launch cmd line: /bin/bash -ue .command.run
Feb-07 12:01:29.184 [Task submitter] INFO  nextflow.Session - [70/d84412] Submitted process > splitLetters
Feb-07 12:01:29.311 [Task monitor] DEBUG n.processor.TaskPollingMonitor - Task completed > TaskHandler[id: 1; name: splitLetters; status: COMPLETED; exit: 0; error: -; workDir: /scratch/Users/deta9300/Rinn_class_repository/work/70/d84412f4836b558b98f072b4efbe94]
Feb-07 12:01:29.413 [Task submitter] DEBUG nextflow.executor.LocalTaskHandler - Launch cmd line: /bin/bash -ue .command.run
Feb-07 12:01:29.415 [Task submitter] INFO  nextflow.Session - [f5/72bf99] Submitted process > convertToUpper (2)
Feb-07 12:01:29.433 [Task submitter] DEBUG nextflow.executor.LocalTaskHandler - Launch cmd line: /bin/bash -ue .command.run
Feb-07 12:01:29.435 [Task submitter] INFO  nextflow.Session - [2f/f121ab] Submitted process > convertToUpper (1)
Feb-07 12:01:29.513 [Task monitor] DEBUG n.processor.TaskPollingMonitor - Task completed > TaskHandler[id: 3; name: convertToUpper (2); status: COMPLETED; exit: 0; error: -; workDir: /scratch/Users/deta9300/Rinn_class_repository/work/f5/72bf99c0d567688716e34e4f5f6e75]
Feb-07 12:01:29.521 [Task monitor] DEBUG n.processor.TaskPollingMonitor - Task completed > TaskHandler[id: 2; name: convertToUpper (1); status: COMPLETED; exit: 0; error: -; workDir: /scratch/Users/deta9300/Rinn_class_repository/work/2f/f121ab094f69451b2956d6d5cabd5d]
Feb-07 12:01:29.528 [main] DEBUG nextflow.Session - Session await > all process finished
Feb-07 12:01:29.613 [main] DEBUG nextflow.Session - Session await > all barriers passed
Feb-07 12:01:29.624 [main] DEBUG nextflow.trace.WorkflowStatsObserver - Workflow completed > WorkflowStats[succeededCount=3; failedCount=0; ignoredCount=0; cachedCount=0; pendingCount=0; submittedCount=0; runningCount=0; retriesCount=0; abortedCount=0; succeedDuration=111ms; failedDuration=0ms; cachedDuration=0ms;loadCpus=0; loadMemory=0; peakRunning=2; peakCpus=2; peakMemory=0; ]
Feb-07 12:01:29.911 [main] DEBUG nextflow.CacheDB - Closing CacheDB done
Feb-07 12:01:29.960 [main] DEBUG nextflow.script.ScriptRunner - > Execution complete -- Goodbye
